<?xml version="1.0" encoding="UTF-8"?>
<!-- Generated by org.testng.reporters.JUnitReportReporter -->
<testsuite skipped="0" hostname="DESKTOP-0ABTINE" name="test.AddCustomerTest" tests="1" failures="0" timestamp="2022-02-22T14:13:50 CST" time="16.317" errors="0">
  <testcase name="validUserShouldBeAbleToCreateCustomer" time="16.317" classname="test.AddCustomerTest"/>
  <system-out/>
</testsuite> <!-- test.AddCustomerTest -->
